<?xml version="1.0"?><coverage lines-covered="1924" lines-valid="2266" line-rate="0.8490732568402471" branches-covered="0" branches-valid="0" branch-rate="0" complexity="0" version="1.9" timestamp="1764025313"><sources><source>C:\Users\sgbil\Nexuszero-Protocol</source></sources><packages><package name="nexuszero-crypto\target\release\build\serde_core-1a363c96aec30411\out" line-rate="0" branch-rate="0" complexity="0"><classes></classes></package><package name="nexuszero-integration\tests" line-rate="0" branch-rate="0" complexity="0"><classes></classes></package><package name="nexuszero-crypto\target\debug\build\serde_core-e3b09a155f7759b9\out" line-rate="0" branch-rate="0" complexity="0"><classes></classes></package><package name="nexuszero-crypto\target\debug\build\serde_core-30b81be079ba16dd\out" line-rate="0" branch-rate="0" complexity="0"><classes></classes></package><package name="nexuszero-crypto\src\lattice" line-rate="0.8173076923076923" branch-rate="0" complexity="0"><classes><class name="lwe" filename="nexuszero-crypto\src\lattice\lwe.rs" line-rate="0.9310344827586207" branch-rate="0" complexity="0"><methods/><lines><line number="26" hits="2954361355555045376"/><line number="32" hits="1"/><line number="33" hits="1"/><line number="36" hits="0"/><line number="37" hits="0"/><line number="40" hits="0"/><line number="41" hits="0"/><line number="44" hits="3170534137668829184"/><line number="45" hits="3170534137668829184"/><line number="46" hits="72057594037927937"/><line number="47" hits="72057594037927937"/><line number="50" hits="3098476543630901247"/><line number="51" hits="72057594037927936"/><line number="52" hits="72057594037927936"/><line number="55" hits="3026418949592973311"/><line number="56" hits="72057594037927936"/><line number="57" hits="72057594037927936"/><line number="60" hits="2954361355555045375"/><line number="61" hits="144115188075855872"/><line number="62" hits="144115188075855872"/><line number="65" hits="2810246167479189503"/><line number="95" hits="1441151880758558721"/><line number="99" hits="2882303761517117443"/><line number="102" hits="7205759403792793600"/><line number="105" hits="8646911284551352320"/><line number="108" hits="5764607523034234880"/><line number="111" hits="5764607523034234880"/><line number="112" hits="2882303761517117440"/><line number="114" hits="4323455642275676160"/><line number="115" hits="14123288431433876386"/><line number="118" hits="2882303761517117440"/><line number="119" hits="2882303761517117440"/><line number="121" hits="1441151880758558720"/><line number="125" hits="3314649325744685061"/><line number="132" hits="13258597302978740244"/><line number="135" hits="9943947977234055183"/><line number="136" hits="6629298651489370122"/><line number="138" hits="3314649325744685061"/><line number="139" hits="14843864371813156543"/><line number="142" hits="9079256848778919951"/><line number="145" hits="1441151880758558750"/><line number="147" hits="3314649325744685061"/><line number="167" hits="3314649325744685056"/><line number="177" hits="16573246628723425280"/><line number="178" hits="16573246628723425280"/><line number="179" hits="13258597302978740224"/><line number="180" hits="13258597302978740224"/><line number="184" hits="13258597302978740224"/><line number="185" hits="6629298651489370112"/><line number="187" hits="6629298651489370112"/><line number="190" hits="13258597302978740224"/><line number="192" hits="3314649325744685056"/><line number="197" hits="1441151880758558726"/><line number="198" hits="9223372036855357988"/><line number="201" hits="1441151880758558774"/><line number="207" hits="12105675798371893356"/><line number="210" hits="3314649325744687161"/><line number="211" hits="6629298651489375470"/></lines></class><class name="ring_lwe" filename="nexuszero-crypto\src\lattice\ring_lwe.rs" line-rate="0.78099173553719" branch-rate="0" complexity="0"><methods/><lines><line number="22" hits="4899916394579103177"/><line number="23" hits="14699749183737309531"/><line number="32" hits="288230376151711771"/><line number="34" hits="864691128455135313"/><line number="54" hits="1513209474796486656"/><line number="59" hits="720575940379279360"/><line number="68" hits="72057594037927937"/><line number="77" hits="72057594037927936"/><line number="87" hits="0"/><line number="88" hits="0"/><line number="91" hits="0"/><line number="92" hits="0"/><line number="95" hits="0"/><line number="96" hits="0"/><line number="99" hits="4035225266123964416"/><line number="100" hits="4035225266123964416"/><line number="101" hits="18446744073709551613"/><line number="102" hits="18446744073709551613"/><line number="105" hits="4035225266123964419"/><line number="106" hits="3"/><line number="107" hits="3"/><line number="110" hits="4035225266123964416"/><line number="111" hits="0"/><line number="112" hits="0"/><line number="115" hits="4035225266123964416"/><line number="152" hits="5476377146882523136"/><line number="153" hits="5476377146882523126"/><line number="155" hits="16429131440647569438"/><line number="157" hits="10952754293765046292"/><line number="158" hits="6269010681299730442"/><line number="161" hits="16429131440647569438"/><line number="165" hits="1152921504606846986"/><line number="166" hits="1152921504606846995"/><line number="168" hits="3458764513820540931"/><line number="170" hits="2305843009213693954"/><line number="171" hits="2882303761517124137"/><line number="174" hits="3458764513820540931"/><line number="178" hits="144115188075855873"/><line number="179" hits="432345564227567619"/><line number="181" hits="720575940379279916"/><line number="184" hits="432345564227567619"/><line number="188" hits="4755801206503243776"/><line number="189" hits="576460752303423488"/><line number="190" hits="14267403619509731328"/><line number="192" hits="4755801206503243776"/><line number="195" hits="14267403619509731328"/><line number="199" hits="2738188573441261573"/><line number="200" hits="5476377146882523146"/><line number="201" hits="8214565720323784719"/><line number="202" hits="2738188573441269826"/><line number="205" hits="8214565720323784719"/><line number="214" hits="432345564227567617"/><line number="216" hits="432345564227567617"/><line number="217" hits="720575940379279360"/><line number="218" hits="0"/><line number="219" hits="144115188075855874"/><line number="220" hits="0"/><line number="224" hits="17726168133330274638"/><line number="228" hits="4395513236313604096"/><line number="230" hits="3530822107858468864"/><line number="231" hits="4395513236313604096"/><line number="232" hits="4323455642275676160"/><line number="236" hits="360287970189639680"/><line number="237" hits="72057594037927936"/><line number="241" hits="4539628424389459968"/><line number="242" hits="9079256848778919936"/><line number="243" hits="4539628424389459968"/><line number="245" hits="2305843009213694012"/><line number="246" hits="2305843009213694559"/><line number="247" hits="4539628424389460515"/><line number="249" hits="16212958658533785660"/><line number="250" hits="16212958658533785660"/><line number="253" hits="4539628424389459968"/><line number="274" hits="0"/><line number="275" hits="0"/><line number="277" hits="0"/><line number="278" hits="0"/><line number="280" hits="0"/><line number="281" hits="0"/><line number="282" hits="0"/><line number="283" hits="0"/><line number="284" hits="0"/><line number="287" hits="0"/><line number="291" hits="0"/><line number="292" hits="0"/><line number="293" hits="0"/><line number="294" hits="0"/><line number="295" hits="0"/><line number="310" hits="0"/><line number="311" hits="0"/><line number="312" hits="0"/><line number="313" hits="0"/><line number="315" hits="0"/><line number="316" hits="0"/><line number="317" hits="0"/><line number="318" hits="0"/><line number="319" hits="0"/><line number="322" hits="0"/><line number="326" hits="0"/><line number="327" hits="0"/><line number="328" hits="0"/><line number="329" hits="0"/><line number="330" hits="0"/><line number="337" hits="0"/><line number="347" hits="0"/><line number="348" hits="0"/><line number="349" hits="0"/><line number="351" hits="0"/><line number="352" hits="0"/><line number="353" hits="0"/><line number="355" hits="0"/><line number="356" hits="0"/><line number="358" hits="0"/><line number="359" hits="0"/><line number="362" hits="0"/><line number="368" hits="2377900603251621948"/><line number="369" hits="4755801206503243896"/><line number="370" hits="7133701809754865904"/><line number="371" hits="7133701809754865664"/><line number="372" hits="4755801206503243776"/><line number="374" hits="4467570830351532032"/><line number="375" hits="4179340454199820288"/><line number="376" hits="10448351135499550720"/><line number="377" hits="4179340454199820288"/><line number="379" hits="864691128455135233"/><line number="380" hits="15996785876420001794"/><line number="395" hits="2233785415175766139"/><line number="396" hits="6917529027641082100"/><line number="397" hits="6917529027641082100"/><line number="398" hits="8646911284551352625"/><line number="399" hits="8646911284551352625"/><line number="400" hits="1729382256910270525"/><line number="403" hits="17221764975064776705"/><line number="405" hits="2089670227099910144"/><line number="407" hits="2377900603251621888"/><line number="411" hits="2161727821137838418"/><line number="412" hits="6485183463413515592"/><line number="413" hits="6485183463413514240"/><line number="414" hits="6485183463413514240"/><line number="415" hits="4323455642275676160"/><line number="416" hits="3170534137668829184"/><line number="417" hits="2017612633061982208"/><line number="418" hits="2017612633061982208"/><line number="419" hits="17293822569102704641"/><line number="420" hits="7638104968020361221"/><line number="421" hits="14123288431433875458"/><line number="422" hits="16285016252571713655"/><line number="423" hits="236"/><line number="424" hits="236"/><line number="425" hits="295"/><line number="426" hits="295"/><line number="427" hits="236"/><line number="428" hits="59"/><line number="430" hits="16285016252571713537"/><line number="432" hits="1008806316530991104"/><line number="434" hits="8646911284551352320"/><line number="435" hits="4323455642275676814"/><line number="436" hits="327"/><line number="438" hits="6485183463413514240"/><line number="442" hits="4323455642275676220"/><line number="443" hits="17293822569102704880"/><line number="444" hits="4323455642275676280"/><line number="445" hits="4323455642275676160"/><line number="449" hits="360287970189639680"/><line number="450" hits="360287970189639680"/><line number="451" hits="4323455642275676160"/><line number="453" hits="17077649786988920832"/><line number="454" hits="6557241057451442176"/><line number="455" hits="10520408729537478656"/><line number="456" hits="10520408729537478656"/><line number="461" hits="3963167672086036480"/><line number="462" hits="3963167672086036476"/><line number="463" hits="7926335344172072968"/><line number="466" hits="11889503016258109452"/><line number="469" hits="3963167672086036484"/><line number="470" hits="4428"/><line number="471" hits="8856"/><line number="476" hits="11889503016258109452"/><line number="477" hits="15852670688347845098"/><line number="478" hits="1233054"/><line number="480" hits="11889503016258116094"/><line number="481" hits="6557241057451448806"/><line number="482" hits="10520408729537483076"/><line number="486" hits="11889503016258113864"/><line number="487" hits="2206"/><line number="490" hits="11889503016258109452"/><line number="495" hits="4035225266123966630"/><line number="496" hits="4035225266123968840"/><line number="497" hits="8070450532247928840"/><line number="500" hits="4035225266123964420"/><line number="501" hits="216172782113783820"/><line number="502" hits="360287970189639700"/><line number="503" hits="360287970189639700"/><line number="504" hits="216172782113783820"/><line number="505" hits="72057594037927932"/><line number="506" hits="18446744073709551600"/><line number="508" hits="360287970189639700"/><line number="511" hits="15852670688344145920"/><line number="520" hits="1080863910568919042"/><line number="521" hits="2161727821137838084"/><line number="522" hits="3242591731706757126"/><line number="524" hits="12898309332789100552"/><line number="525" hits="10808639105689190397"/><line number="528" hits="3242591731706757126"/><line number="533" hits="1080863910568919040"/><line number="534" hits="2161727821137838080"/><line number="535" hits="2161727821137838080"/><line number="537" hits="1080863910568919040"/><line number="539" hits="1080863910568919040"/><line number="541" hits="0"/><line number="543" hits="17005592192950993453"/><line number="553" hits="864691128455135233"/><line number="554" hits="1729382256910270467"/><line number="557" hits="4323455642275676160"/><line number="560" hits="3458764513820540928"/><line number="563" hits="4323455642275676160"/><line number="566" hits="4323455642275676160"/><line number="567" hits="4323455642275676160"/><line number="569" hits="1729382256910270464"/><line number="570" hits="1729382256910270464"/><line number="572" hits="864691128455135232"/><line number="576" hits="1080863910568919040"/><line number="581" hits="2161727821137838081"/><line number="583" hits="2161727821137838078"/><line number="584" hits="72057594037927936"/><line number="585" hits="216172782113783808"/><line number="590" hits="5044031582654955515"/><line number="593" hits="5044031582654955515"/><line number="594" hits="5044031582654955515"/><line number="597" hits="5044031582654955515"/><line number="600" hits="5044031582654955515"/><line number="601" hits="5044031582654955515"/><line number="604" hits="5044031582654955515"/><line number="605" hits="5044031582654955515"/><line number="606" hits="5044031582654955515"/><line number="608" hits="1008806316530991103"/><line number="612" hits="1008806316530991104"/><line number="617" hits="2017612633061982209"/><line number="620" hits="5044031582654955515"/><line number="621" hits="5044031582654955515"/><line number="624" hits="3026418949592973309"/><line number="626" hits="1008806316530991103"/></lines></class><class name="sampling" filename="nexuszero-crypto\src\lattice\sampling.rs" line-rate="1" branch-rate="0" complexity="0"><methods/><lines><line number="13" hits="7061644215716937729"/><line number="14" hits="14123288431433875458"/><line number="15" hits="11240984669916758018"/><line number="19" hits="5188146770730814734"/><line number="21" hits="2305843009213707320"/><line number="22" hits="2305843009213707320"/><line number="24" hits="2305843009213707320"/><line number="25" hits="10376293541461629468"/><line number="28" hits="5188146770730814734"/><line number="32" hits="72057594037927942"/><line number="33" hits="144115188075855884"/><line number="34" hits="13402712491054606134"/></lines></class></classes></package><package name="nexuszero-crypto\target\debug\build\serde-49ed553e01a407b0\out" line-rate="0" branch-rate="0" complexity="0"><classes></classes></package><package name="nexuszero-crypto\target\debug\build\typenum-3e16120c58f74b73\out" line-rate="0" branch-rate="0" complexity="0"><classes></classes></package><package name="nexuszero-crypto\target\release\build\typenum-2647ae319f1fe408\out" line-rate="0" branch-rate="0" complexity="0"><classes></classes></package><package name="nexuszero-crypto\tests" line-rate="0.6811594202898551" branch-rate="0" complexity="0"><classes><class name="property_timing_tests" filename="nexuszero-crypto\tests\property_timing_tests.rs" line-rate="0.3333333333333333" branch-rate="0" complexity="0"><methods/><lines><line number="19" hits="0"/><line number="20" hits="0"/><line number="21" hits="0"/><line number="22" hits="0"/><line number="28" hits="72057594037927936"/><line number="29" hits="72057594037927936"/><line number="31" hits="72057594037927936"/><line number="32" hits="72057594037927936"/><line number="36" hits="144115188075855872"/><line number="37" hits="576460752303423488"/><line number="38" hits="576460752303423488"/><line number="72" hits="0"/><line number="73" hits="0"/><line number="90" hits="0"/><line number="91" hits="0"/><line number="105" hits="0"/><line number="106" hits="0"/><line number="122" hits="0"/><line number="123" hits="0"/><line number="143" hits="0"/><line number="144" hits="0"/></lines></class><class name="timing_tests" filename="nexuszero-crypto\tests\timing_tests.rs" line-rate="0.8333333333333334" branch-rate="0" complexity="0"><methods/><lines><line number="22" hits="18446744073709551615"/><line number="23" hits="18446744073709551614"/><line number="24" hits="18446744073709551614"/><line number="25" hits="18446744073709551613"/><line number="26" hits="18446744073709551615"/><line number="30" hits="720575940379279670"/><line number="31" hits="2161727821137839010"/><line number="34" hits="18446744073709551614"/><line number="35" hits="18446744073709551615"/><line number="39" hits="720575940379279669"/><line number="40" hits="18446744073709551612"/><line number="41" hits="18446744073709551614"/><line number="44" hits="720575940379279670"/><line number="48" hits="720575940379279360"/><line number="49" hits="3602879701896396800"/><line number="50" hits="1441151880758558720"/><line number="54" hits="0"/><line number="55" hits="0"/><line number="56" hits="0"/><line number="57" hits="0"/><line number="58" hits="39"/><line number="59" hits="78"/><line number="60" hits="0"/><line number="62" hits="39"/><line number="64" hits="39"/><line number="66" hits="0"/><line number="67" hits="0"/><line number="69" hits="0"/><line number="74" hits="360287970189639680"/><line number="75" hits="11385099857992613888"/><line number="76" hits="11385099857992614200"/><line number="78" hits="360287970189639680"/><line number="79" hits="360287970189639680"/><line number="81" hits="720575940379279360"/><line number="82" hits="720575940379279360"/><line number="84" hits="720575940379279360"/><line number="85" hits="720575940379279360"/><line number="86" hits="720575940379279360"/><line number="88" hits="15708555500268290672"/><line number="89" hits="16573246628723425280"/><line number="90" hits="16573246628723425280"/><line number="92" hits="6413125869375586304"/><line number="94" hits="2089670227099910456"/><line number="95" hits="3963167672086036792"/><line number="97" hits="4323455642275675848"/><line number="101" hits="360287970189639680"/><line number="105" hits="360287970189639836"/><line number="107" hits="720575940379279672"/></lines></class></classes></package><package name="nexuszero-crypto\target\release\build\serde_core-fe1f4b9204744608\out" line-rate="0" branch-rate="0" complexity="0"><classes></classes></package><package name="nexuszero-crypto\src\proof" line-rate="0.8806818181818182" branch-rate="0" complexity="0"><classes><class name="bulletproofs" filename="nexuszero-crypto\src\proof\bulletproofs.rs" line-rate="0.8963414634146342" branch-rate="0" complexity="0"><methods/><lines><line number="41" hits="17365880163140632657"/><line number="43" hits="16285016252571713698"/><line number="44" hits="16285016252571713698"/><line number="45" hits="16285016252571713698"/><line number="49" hits="16645304222761353249"/><line number="50" hits="14843864371813154882"/><line number="51" hits="14843864371813154882"/><line number="52" hits="14843864371813154882"/><line number="57" hits="936748722493063201"/><line number="58" hits="1873497444986126402"/><line number="59" hits="936748722493063201"/><line number="60" hits="936748722493063201"/><line number="61" hits="936748722493063201"/><line number="62" hits="936748722493063201"/><line number="112" hits="14123288431433875494"/><line number="115" hits="9799832789158199372"/><line number="116" hits="9799832789158199372"/><line number="117" hits="9799832789158199372"/><line number="119" hits="5476377146882523250"/><line number="120" hits="5476377146882523250"/><line number="123" hits="15276209936040722622"/><line number="126" hits="15276209936040722622"/><line number="129" hits="9799832789158199372"/><line number="131" hits="14123288431433875494"/><line number="135" hits="144115188075855903"/><line number="140" hits="576460752303423612"/><line number="141" hits="144115188075855903"/><line number="149" hits="2666130979403333632"/><line number="150" hits="2666130979403333632"/><line number="151" hits="13907115649320091648"/><line number="157" hits="216172782113783811"/><line number="158" hits="432345564227567622"/><line number="160" hits="5980780305148018773"/><line number="164" hits="2449958197289549825"/><line number="165" hits="4899916394579099650"/><line number="166" hits="4899916394579099650"/><line number="167" hits="9079256848778919985"/><line number="176" hits="15780613094306217986"/><line number="177" hits="13114482114902884356"/><line number="178" hits="13114482114902884356"/><line number="179" hits="6773413839565226013"/><line number="180" hits="5764607523034234930"/><line number="185" hits="2522015791327477774"/><line number="190" hits="5044031582654955548"/><line number="191" hits="5044031582654955548"/><line number="192" hits="5044031582654955548"/><line number="194" hits="5044031582654955548"/><line number="195" hits="5044031582654955548"/><line number="197" hits="5044031582654955548"/><line number="198" hits="5044031582654955548"/><line number="201" hits="10376293541461622786"/><line number="202" hits="15708555500268290066"/><line number="205" hits="12970366926827028516"/><line number="206" hits="12970366926827028516"/><line number="209" hits="2377900603251621933"/><line number="210" hits="2377900603251621933"/><line number="214" hits="7493989779944505416"/><line number="215" hits="7493989779944505416"/><line number="217" hits="12970366926827028516"/><line number="218" hits="12970366926827028516"/><line number="221" hits="5116089176692883476"/><line number="222" hits="15708555500268290066"/><line number="223" hits="15708555500268290066"/><line number="224" hits="7854277750134145033"/><line number="226" hits="5116089176692883462"/><line number="229" hits="5260204364768739333"/><line number="232" hits="288230376151711744"/><line number="233" hits="9367487224930631680"/><line number="234" hits="288230376151711744"/><line number="235" hits="8863084066665136266"/><line number="236" hits="9367487224930631680"/><line number="238" hits="288230376151711744"/><line number="239" hits="9367487224930631680"/><line number="240" hits="288230376151711744"/><line number="241" hits="8863084066665136197"/><line number="242" hits="9367487224930631680"/><line number="245" hits="9295429630892703744"/><line number="246" hits="144115188075855872"/><line number="247" hits="144115188075855872"/><line number="248" hits="9439544818968559616"/><line number="249" hits="9295429630892703744"/><line number="254" hits="792633534417207296"/><line number="259" hits="1585267068834414592"/><line number="262" hits="2377900603251621888"/><line number="263" hits="2377900603251621888"/><line number="264" hits="1585267068834414592"/><line number="266" hits="792633534417207296"/><line number="267" hits="2"/><line number="268" hits="2"/><line number="273" hits="1585267068834414588"/><line number="274" hits="1585267068834414588"/><line number="275" hits="0"/><line number="276" hits="0"/><line number="280" hits="792633534417207294"/><line number="288" hits="1585267068834414592"/><line number="294" hits="3098476543630901250"/><line number="295" hits="144115188075855874"/><line number="296" hits="144115188075855874"/><line number="297" hits="144115188075855874"/><line number="302" hits="5764607523034234872"/><line number="305" hits="5764607523034234872"/><line number="308" hits="2882303761517117436"/><line number="309" hits="4323455642275676154"/><line number="310" hits="3170534137668829301"/><line number="314" hits="5764607523034234872"/><line number="317" hits="8358680908399642168"/><line number="318" hits="4323455642275676154"/><line number="319" hits="2594073385365405744"/><line number="323" hits="7205759403792793590"/><line number="326" hits="4323455642275676154"/><line number="327" hits="4323455642275676154"/><line number="328" hits="2882303761517117436"/><line number="329" hits="1441151880758558718"/><line number="330" hits="1441151880758558718"/><line number="333" hits="1441151880758558718"/><line number="334" hits="2882303761517117436"/><line number="335" hits="2882303761517117436"/><line number="336" hits="2882303761517117436"/><line number="337" hits="5764607523034234872"/><line number="338" hits="1441151880758558718"/><line number="339" hits="1441151880758558718"/><line number="346" hits="1008806316530991104"/><line number="352" hits="1008806316530991104"/><line number="353" hits="0"/><line number="355" hits="2017612633061982208"/><line number="356" hits="2017612633061982208"/><line number="357" hits="0"/><line number="358" hits="0"/><line number="359" hits="0"/><line number="363" hits="4035225266123964416"/><line number="365" hits="4035225266123964416"/><line number="367" hits="2017612633061982208"/><line number="368" hits="3026418949592973312"/><line number="369" hits="5908722711110090827"/><line number="371" hits="4035225266123964416"/><line number="373" hits="2161727821137838106"/><line number="374" hits="2161727821137838080"/><line number="375" hits="5044031582654955520"/><line number="376" hits="3026418949592973312"/><line number="377" hits="4035225266123964416"/><line number="379" hits="1008806316530991104"/><line number="380" hits="1008806316530991104"/><line number="381" hits="1008806316530991104"/><line number="382" hits="3026418949592973312"/><line number="383" hits="1008806316530991104"/><line number="384" hits="3026418949592973312"/><line number="393" hits="792633534417207296"/><line number="399" hits="792633534417207296"/><line number="400" hits="2"/><line number="401" hits="2"/><line number="406" hits="1585267068834414588"/><line number="407" hits="0"/><line number="408" hits="0"/><line number="413" hits="792633534417207322"/><line number="414" hits="76"/><line number="415" hits="0"/><line number="416" hits="0"/><line number="422" hits="1585267068834414540"/><line number="425" hits="2377900603251621810"/><line number="426" hits="2377900603251621810"/><line number="427" hits="1585267068834414540"/><line number="429" hits="3170534137668829080"/><line number="432" hits="2377900603251621810"/><line number="433" hits="792633534417207270"/><line number="434" hits="0"/><line number="435" hits="0"/><line number="439" hits="792633534417207270"/><line number="444" hits="144115188075855872"/><line number="450" hits="144115188075855872"/><line number="451" hits="0"/><line number="453" hits="144115188075855872"/><line number="454" hits="0"/><line number="456" hits="576460752303423488"/><line number="457" hits="0"/><line number="459" hits="288230376151711744"/><line number="460" hits="0"/><line number="462" hits="3602879701896396800"/><line number="463" hits="3458764513820540928"/><line number="464" hits="0"/><line number="467" hits="288230376151711744"/><line number="473" hits="288230376151711744"/><line number="475" hits="720575940379279360"/><line number="476" hits="432345564227567616"/><line number="477" hits="288230376151711744"/><line number="478" hits="432345564227567616"/><line number="479" hits="144115188075855872"/><line number="480" hits="0"/><line number="483" hits="432345564227567616"/><line number="484" hits="144115188075855872"/><line number="485" hits="0"/><line number="487" hits="144115188075855872"/><line number="524" hits="432345564227567616"/><line number="531" hits="1585267068834414592"/><line number="532" hits="72057594037927936"/><line number="533" hits="72057594037927936"/><line number="538" hits="1080863910568919040"/><line number="539" hits="0"/><line number="540" hits="0"/><line number="544" hits="720575940379279360"/><line number="547" hits="3242591731706757120"/><line number="549" hits="720575940379279360"/><line number="550" hits="72057594037927936"/><line number="554" hits="1297036692682702848"/><line number="555" hits="72057594037927936"/><line number="559" hits="9799832789158199296"/><line number="560" hits="9223372036854775808"/><line number="561" hits="0"/><line number="567" hits="432345564227567616"/><line number="568" hits="1657324662872342528"/><line number="569" hits="1008806316530991104"/><line number="570" hits="1008806316530991104"/><line number="571" hits="2017612633061982208"/><line number="572" hits="1513209474796486656"/><line number="573" hits="1513209474796486656"/><line number="574" hits="1513209474796486656"/><line number="577" hits="1008806316530991104"/><line number="578" hits="0"/><line number="580" hits="504403158265495552"/><line number="583" hits="1513209474796486656"/><line number="590" hits="432345564227567616"/><line number="592" hits="432345564227567616"/><line number="593" hits="936748722493063168"/><line number="594" hits="1513209474796486656"/><line number="595" hits="1513209474796486656"/><line number="596" hits="1008806316530991104"/><line number="597" hits="1008806316530991104"/><line number="598" hits="504403158265495552"/><line number="602" hits="432345564227567616"/><line number="604" hits="432345564227567616"/><line number="605" hits="936748722493063168"/><line number="606" hits="1513209474796486656"/><line number="607" hits="1008806316530991104"/><line number="608" hits="504403158265495552"/><line number="614" hits="432345564227567616"/><line number="615" hits="0"/><line number="619" hits="2089670227099910144"/><line number="620" hits="1513209474796486656"/><line number="621" hits="504403158265495552"/><line number="622" hits="0"/><line number="626" hits="216172782113783808"/><line number="651" hits="720575940379279360"/><line number="659" hits="4035225266123964416"/><line number="660" hits="72057594037927936"/><line number="661" hits="72057594037927936"/><line number="666" hits="3891110078048108544"/><line number="667" hits="72057594037927936"/><line number="668" hits="72057594037927936"/><line number="672" hits="1152921504606846976"/><line number="673" hits="1152921504606846976"/><line number="676" hits="6773413839565225984"/><line number="678" hits="720575940379279360"/><line number="679" hits="0"/><line number="683" hits="720575940379279360"/><line number="684" hits="72057594037927936"/><line number="688" hits="1224979098644774912"/><line number="689" hits="1152921504606846976"/><line number="690" hits="72057594037927936"/><line number="694" hits="1152921504606846976"/><line number="695" hits="144115188075855872"/><line number="699" hits="7349874591868649472"/><line number="700" hits="6917529027641081856"/><line number="701" hits="0"/><line number="707" hits="2161727821137838080"/><line number="708" hits="1297036692682702848"/><line number="709" hits="864691128455135232"/><line number="710" hits="1297036692682702848"/><line number="711" hits="432345564227567616"/><line number="712" hits="72057594037927936"/><line number="717" hits="432345564227567616"/><line number="718" hits="1369094286720630784"/><line number="719" hits="720575940379279360"/><line number="720" hits="720575940379279360"/><line number="721" hits="1441151880758558720"/><line number="722" hits="1080863910568919040"/><line number="723" hits="1441151880758558720"/><line number="724" hits="1080863910568919040"/><line number="725" hits="1080863910568919040"/><line number="728" hits="720575940379279360"/><line number="729" hits="0"/><line number="731" hits="360287970189639680"/><line number="734" hits="1080863910568919040"/><line number="740" hits="432345564227567616"/><line number="742" hits="432345564227567616"/><line number="743" hits="792633534417207296"/><line number="744" hits="1080863910568919040"/><line number="745" hits="1080863910568919040"/><line number="746" hits="720575940379279360"/><line number="748" hits="720575940379279360"/><line number="749" hits="360287970189639680"/><line number="753" hits="216172782113783808"/><line number="754" hits="0"/><line number="758" hits="1801439850948198400"/><line number="759" hits="1080863910568919040"/><line number="760" hits="360287970189639680"/><line number="761" hits="72057594037927936"/><line number="765" hits="144115188075855872"/><line number="769" hits="576460752303423488"/><line number="772" hits="1152921504606846951"/><line number="777" hits="0"/><line number="781" hits="0"/><line number="782" hits="0"/><line number="783" hits="0"/><line number="785" hits="0"/><line number="794" hits="14699749183737298944"/><line number="795" hits="10952754293765046272"/><line number="797" hits="10376293541461622823"/><line number="798" hits="15564440312192434202"/><line number="801" hits="7205759403792793600"/><line number="802" hits="10952754293765046272"/><line number="803" hits="7205759403792793600"/><line number="805" hits="14699749183737298944"/><line number="809" hits="7854277750134145070"/><line number="811" hits="7854277750134145070"/><line number="812" hits="7"/><line number="816" hits="4827858800541171829"/><line number="817" hits="7566047373982433319"/><line number="822" hits="576460752303423488"/><line number="823" hits="864691128455135232"/><line number="827" hits="288230376151711744"/><line number="828" hits="576460752303423488"/><line number="829" hits="864691128455135232"/><line number="830" hits="864691128455135232"/><line number="832" hits="11817445422220181504"/><line number="833" hits="2594073385365405699"/><line number="834" hits="576460752303423494"/><line number="836" hits="11529215046068469760"/><line number="837" hits="4611686018427387904"/><line number="840" hits="288230376151711744"/></lines></class><class name="proof" filename="nexuszero-crypto\src\proof\proof.rs" line-rate="0.8582375478927203" branch-rate="0" complexity="0"><methods/><lines><line number="60" hits="3891110078048108544"/><line number="61" hits="7782220156096217088"/><line number="62" hits="72057594037927936"/><line number="64" hits="7638104968020361216"/><line number="65" hits="72057594037927936"/><line number="69" hits="11529215046068469760"/><line number="70" hits="11673330234144325632"/><line number="71" hits="0"/><line number="74" hits="11168927075878830080"/><line number="75" hits="11240984669916758016"/><line number="76" hits="0"/><line number="79" hits="3674937295934324736"/><line number="83" hits="1008806316530991104"/><line number="84" hits="3026418949592973312"/><line number="85" hits="0"/><line number="90" hits="216172782113783808"/><line number="91" hits="720575940379279360"/><line number="92" hits="72057594037927936"/><line number="97" hits="360287970189639680"/><line number="99" hits="2161727821137838080"/><line number="112" hits="3963167672086036480"/><line number="113" hits="7926335344172072960"/><line number="114" hits="3963167672086036480"/><line number="115" hits="11240984669916758016"/><line number="120" hits="3458764513820540928"/><line number="121" hits="6917529027641081856"/><line number="126" hits="0"/><line number="127" hits="0"/><line number="128" hits="0"/><line number="129" hits="0"/><line number="130" hits="0"/><line number="133" hits="0"/><line number="134" hits="0"/><line number="136" hits="0"/><line number="141" hits="0"/><line number="142" hits="0"/><line number="143" hits="0"/><line number="144" hits="0"/><line number="147" hits="0"/><line number="148" hits="0"/><line number="150" hits="0"/><line number="154" hits="3242591731706757120"/><line number="157" hits="9727775195120271360"/><line number="158" hits="9727775195120271360"/><line number="159" hits="9727775195120271360"/><line number="161" hits="16212958658533785600"/><line number="162" hits="6485183463413514240"/><line number="170" hits="3242591731706757120"/><line number="172" hits="6485183463413514240"/><line number="174" hits="16212958658533785600"/><line number="176" hits="3242591731706757120"/><line number="180" hits="504403158265495552"/><line number="184" hits="1008806316530991104"/><line number="185" hits="1513209474796486656"/><line number="186" hits="1008806316530991104"/><line number="188" hits="504403158265495552"/><line number="192" hits="216172782113783808"/><line number="196" hits="432345564227567616"/><line number="197" hits="648518346341351424"/><line number="200" hits="648518346341351424"/><line number="201" hits="648518346341351424"/><line number="202" hits="648518346341351424"/><line number="203" hits="1080863910568919040"/><line number="206" hits="648518346341351424"/><line number="207" hits="648518346341351424"/><line number="208" hits="1080863910568919040"/><line number="211" hits="432345564227567616"/><line number="213" hits="216172782113783808"/><line number="221" hits="3242591731706757120"/><line number="226" hits="9727775195120271360"/><line number="227" hits="9727775195120271360"/><line number="228" hits="9727775195120271360"/><line number="231" hits="9727775195120271360"/><line number="233" hits="3242591731706757120"/><line number="237" hits="504403158265495552"/><line number="242" hits="1513209474796486656"/><line number="243" hits="14843864371813154816"/><line number="244" hits="11529215046068469760"/><line number="245" hits="16140901064495857664"/><line number="249" hits="504403158265495552"/><line number="253" hits="216172782113783808"/><line number="260" hits="648518346341351424"/><line number="261" hits="648518346341351424"/><line number="262" hits="648518346341351424"/><line number="265" hits="648518346341351424"/><line number="267" hits="216172782113783808"/><line number="275" hits="2377900603251621888"/><line number="284" hits="4755801206503243776"/><line number="285" hits="7133701809754865664"/><line number="288" hits="2377900603251621888"/><line number="289" hits="7133701809754865664"/><line number="290" hits="7133701809754865664"/><line number="291" hits="9511602413006487552"/><line number="295" hits="2377900603251621888"/><line number="296" hits="7133701809754865664"/><line number="297" hits="7133701809754865664"/><line number="298" hits="9511602413006487552"/><line number="302" hits="2377900603251621888"/><line number="303" hits="7133701809754865664"/><line number="304" hits="2377900603251621888"/><line number="308" hits="2377900603251621888"/><line number="309" hits="2305843009213693952"/><line number="311" hits="72057594037927936"/><line number="312" hits="72057594037927936"/><line number="318" hits="504403158265495552"/><line number="329" hits="1513209474796486656"/><line number="330" hits="14843864371813154816"/><line number="331" hits="11529215046068469760"/><line number="332" hits="16140901064495857664"/><line number="337" hits="936748722493063168"/><line number="339" hits="864691128455135232"/><line number="340" hits="1297036692682702848"/><line number="341" hits="432345564227567616"/><line number="344" hits="0"/><line number="345" hits="0"/><line number="346" hits="0"/><line number="350" hits="72057594037927936"/><line number="351" hits="72057594037927936"/><line number="356" hits="432345564227567616"/><line number="357" hits="72057594037927936"/><line number="358" hits="72057594037927936"/><line number="366" hits="720575940379279360"/><line number="367" hits="72057594037927936"/><line number="368" hits="72057594037927936"/><line number="372" hits="288230376151711744"/><line number="393" hits="4323455642275676160"/><line number="395" hits="8646911284551352320"/><line number="396" hits="360287970189639680"/><line number="397" hits="360287970189639680"/><line number="403" hits="7926335344172072960"/><line number="405" hits="7926335344172072960"/><line number="406" hits="3242591731706757120"/><line number="407" hits="12970366926827028480"/><line number="410" hits="1513209474796486656"/><line number="415" hits="432345564227567616"/><line number="416" hits="432345564227567616"/><line number="417" hits="1080863910568919040"/><line number="420" hits="0"/><line number="421" hits="0"/><line number="427" hits="15852670688344145920"/><line number="431" hits="7926335344172072960"/><line number="434" hits="9727775195120271360"/><line number="435" hits="3242591731706757130"/><line number="436" hits="16212958658533785600"/><line number="439" hits="2017612633061982208"/><line number="443" hits="1080863910568919040"/><line number="446" hits="0"/><line number="447" hits="0"/><line number="453" hits="7926335344172072960"/><line number="454" hits="432345564227567616"/><line number="456" hits="648518346341351424"/><line number="457" hits="216172782113783808"/><line number="460" hits="432345564227567616"/><line number="461" hits="648518346341351424"/><line number="462" hits="648518346341351424"/><line number="465" hits="648518346341351424"/><line number="468" hits="432345564227567616"/><line number="469" hits="432345564227567616"/><line number="470" hits="0"/><line number="472" hits="216172782113783808"/><line number="481" hits="216172782113783808"/><line number="482" hits="0"/><line number="483" hits="0"/><line number="484" hits="0"/><line number="485" hits="0"/><line number="488" hits="216172782113783808"/><line number="489" hits="216172782113783808"/><line number="490" hits="216172782113783808"/><line number="491" hits="216172782113783808"/><line number="492" hits="216172782113783808"/><line number="496" hits="3746994889972252672"/><line number="506" hits="3963167672086036480"/><line number="507" hits="7926335344172072960"/><line number="508" hits="7926335344172072960"/><line number="509" hits="7926335344172072960"/><line number="510" hits="3963167672086036480"/><line number="511" hits="3963167672086036480"/><line number="528" hits="3674937295934324736"/><line number="530" hits="7421932185906577408"/><line number="533" hits="14411518807585587200"/><line number="536" hits="3602879701896396800"/><line number="537" hits="432345564227567616"/><line number="538" hits="432345564227567616"/><line number="543" hits="3170534137668829184"/><line number="545" hits="2377900603251621888"/><line number="546" hits="2377900603251621888"/><line number="548" hits="9511602413006487552"/><line number="549" hits="0"/><line number="550" hits="0"/><line number="555" hits="2377900603251621888"/><line number="556" hits="2377900603251621888"/><line number="557" hits="2377900603251621888"/><line number="558" hits="2377900603251621888"/><line number="559" hits="2377900603251621888"/><line number="563" hits="504403158265495552"/><line number="564" hits="504403158265495552"/><line number="566" hits="2017612633061982208"/><line number="567" hits="0"/><line number="568" hits="0"/><line number="573" hits="504403158265495552"/><line number="574" hits="504403158265495552"/><line number="575" hits="504403158265495552"/><line number="576" hits="504403158265495552"/><line number="577" hits="504403158265495552"/><line number="580" hits="648518346341351424"/><line number="582" hits="360287970189639680"/><line number="584" hits="288230376151711744"/><line number="585" hits="288230376151711744"/><line number="586" hits="0"/><line number="588" hits="144115188075855872"/><line number="594" hits="144115188075855872"/><line number="595" hits="144115188075855872"/><line number="596" hits="144115188075855872"/><line number="600" hits="288230376151711744"/><line number="601" hits="0"/><line number="602" hits="0"/><line number="609" hits="144115188075855872"/><line number="610" hits="216172782113783808"/><line number="612" hits="144115188075855872"/><line number="613" hits="216172782113783808"/><line number="614" hits="216172782113783808"/><line number="615" hits="216172782113783808"/><line number="616" hits="360287970189639680"/><line number="617" hits="144115188075855872"/><line number="619" hits="216172782113783808"/><line number="620" hits="216172782113783808"/><line number="621" hits="360287970189639680"/><line number="623" hits="72057594037927936"/><line number="624" hits="72057594037927936"/><line number="625" hits="72057594037927936"/><line number="631" hits="72057594037927936"/><line number="632" hits="72057594037927936"/><line number="638" hits="2738188573441261568"/><line number="642" hits="7926335344172072960"/><line number="645" hits="15852670688344145920"/><line number="648" hits="5332261958806667264"/><line number="649" hits="5332261958806667264"/><line number="652" hits="17870283321406128128"/><line number="653" hits="1873497444986126336"/><line number="656" hits="5332261958806667264"/><line number="657" hits="15852670688344145920"/><line number="658" hits="5332261958806667264"/><line number="660" hits="7926335344172072960"/><line number="661" hits="7926335344172072960"/><line number="697" hits="288230376151711744"/><line number="703" hits="576460752303423488"/><line number="704" hits="72057594037927936"/><line number="708" hits="648518346341351424"/><line number="710" hits="2377900603251621888"/><line number="714" hits="864691128455135232"/><line number="715" hits="1657324662872342528"/><line number="716" hits="2161727821137838080"/><line number="719" hits="216172782113783808"/><line number="733" hits="288230376151711744"/><line number="739" hits="576460752303423488"/><line number="740" hits="72057594037927936"/><line number="744" hits="648518346341351424"/><line number="746" hits="2161727821137838080"/><line number="750" hits="1441151880758558720"/><line number="751" hits="720575940379279360"/><line number="754" hits="144115188075855872"/></lines></class><class name="statement" filename="nexuszero-crypto\src\proof\statement.rs" line-rate="0.9074074074074074" branch-rate="0" complexity="0"><methods/><lines><line number="66" hits="5620492334958379008"/><line number="67" hits="5620492334958379008"/><line number="68" hits="6773413839565225984"/><line number="69" hits="13402712491054596096"/><line number="70" hits="144115188075855872"/><line number="71" hits="144115188075855872"/><line number="75" hits="1369094286720630784"/><line number="76" hits="2738188573441261568"/><line number="77" hits="72057594037927936"/><line number="78" hits="72057594037927936"/><line number="82" hits="1729382256910270464"/><line number="83" hits="864691128455135232"/><line number="84" hits="216172782113783808"/><line number="85" hits="216172782113783808"/><line number="89" hits="0"/><line number="91" hits="5188146770730811392"/><line number="95" hits="8286623314361712640"/><line number="96" hits="6413125869375586304"/><line number="97" hits="0"/><line number="102" hits="72057594037927936"/><line number="103" hits="216172782113783808"/><line number="104" hits="0"/><line number="109" hits="288230376151711744"/><line number="112" hits="864691128455135232"/><line number="113" hits="576460752303423488"/><line number="114" hits="864691128455135232"/><line number="115" hits="864691128455135232"/><line number="117" hits="576460752303423488"/><line number="118" hits="864691128455135232"/><line number="119" hits="288230376151711744"/><line number="130" hits="5692549928996306944"/><line number="137" hits="3386706919782612992"/><line number="138" hits="6773413839565225984"/><line number="139" hits="3386706919782612992"/><line number="140" hits="3386706919782612992"/><line number="142" hits="3386706919782612992"/><line number="146" hits="1369094286720630784"/><line number="147" hits="2738188573441261568"/><line number="148" hits="1369094286720630784"/><line number="149" hits="1369094286720630784"/><line number="151" hits="1369094286720630784"/><line number="155" hits="864691128455135232"/><line number="156" hits="1729382256910270464"/><line number="157" hits="1729382256910270464"/><line number="158" hits="864691128455135232"/><line number="159" hits="864691128455135232"/><line number="161" hits="864691128455135232"/><line number="165" hits="5692549928996306944"/><line number="166" hits="17077649786988920832"/><line number="167" hits="72057594037927936"/><line number="175" hits="11673330234144325632"/><line number="176" hits="5188146770730811392"/><line number="181" hits="0"/><line number="182" hits="0"/></lines></class><class name="witness" filename="nexuszero-crypto\src\proof\witness.rs" line-rate="0.8688524590163934" branch-rate="0" complexity="0"><methods/><lines><line number="54" hits="3242591731706757120"/><line number="55" hits="6485183463413514240"/><line number="56" hits="9727775195120271360"/><line number="59" hits="6485183463413514240"/><line number="66" hits="1152921504606846976"/><line number="67" hits="2305843009213693952"/><line number="68" hits="3458764513820540928"/><line number="71" hits="2305843009213693952"/><line number="78" hits="648518346341351424"/><line number="79" hits="1297036692682702848"/><line number="80" hits="1945555039024054272"/><line number="83" hits="1297036692682702848"/><line number="90" hits="5188146770730811392"/><line number="91" hits="10376293541461622784"/><line number="92" hits="2810246167479189504"/><line number="93" hits="4683743612465315840"/><line number="95" hits="9943947977234055168"/><line number="102" hits="6629298651489370112"/><line number="103" hits="9943947977234055168"/><line number="104" hits="9943947977234055168"/><line number="105" hits="9943947977234055168"/><line number="106" hits="9943947977234055168"/><line number="109" hits="16573246628723425280"/><line number="112" hits="9943947977234055168"/><line number="113" hits="9943947977234055168"/><line number="114" hits="9943947977234055168"/><line number="117" hits="1297036692682702848"/><line number="119" hits="648518346341351424"/><line number="120" hits="648518346341351424"/><line number="121" hits="648518346341351424"/><line number="127" hits="3242591731706757120"/><line number="131" hits="1945555039024054272"/><line number="132" hits="648518346341351424"/><line number="134" hits="1945555039024054272"/><line number="136" hits="0"/><line number="140" hits="1152921504606846976"/><line number="142" hits="288230376151711744"/><line number="147" hits="144115188075855872"/><line number="148" hits="144115188075855872"/><line number="153" hits="0"/><line number="154" hits="0"/><line number="161" hits="3458764513820540928"/><line number="162" hits="3458764513820540928"/><line number="163" hits="6485183463413514240"/><line number="164" hits="0"/><line number="165" hits="432345564227567616"/><line number="167" hits="648518346341351424"/><line number="168" hits="648518346341351424"/><line number="169" hits="216172782113783808"/><line number="171" hits="0"/><line number="176" hits="936748722493063168"/><line number="184" hits="1873497444986126336"/><line number="186" hits="1873497444986126336"/><line number="187" hits="2810246167479189504"/><line number="188" hits="936748722493063168"/><line number="190" hits="0"/><line number="193" hits="2810246167479189504"/><line number="197" hits="0"/><line number="199" hits="0"/><line number="205" hits="1152921504606846976"/><line number="206" hits="3458764513820540928"/></lines></class></classes></package><package name="nexuszero-holographic\src\tensor" line-rate="0.8702290076335878" branch-rate="0" complexity="0"><classes><class name="contraction" filename="nexuszero-holographic\src\tensor\contraction.rs" line-rate="0.8888888888888888" branch-rate="0" complexity="0"><methods/><lines><line number="4" hits="144115188075855872"/><line number="5" hits="360287970189639680"/><line number="6" hits="360287970189639680"/><line number="7" hits="360287970189639680"/><line number="8" hits="360287970189639680"/><line number="9" hits="216172782113783808"/><line number="10" hits="360287970189639680"/><line number="11" hits="144115188075855872"/><line number="14" hits="0"/></lines></class><class name="decomposition" filename="nexuszero-holographic\src\tensor\decomposition.rs" line-rate="0.8461538461538461" branch-rate="0" complexity="0"><methods/><lines><line number="19" hits="720575940379279362"/><line number="33" hits="720575940379279360"/><line number="34" hits="2161727821137838080"/><line number="37" hits="792633534417207296"/><line number="38" hits="3963167672086036480"/><line number="39" hits="2233785415175766016"/><line number="40" hits="2594073385365405696"/><line number="43" hits="2594073385365405696"/><line number="44" hits="2594073385365405696"/><line number="45" hits="5188146770730811392"/><line number="46" hits="11096869481841128938"/><line number="47" hits="4179340454199820288"/><line number="49" hits="4395513236313604096"/><line number="50" hits="1945555039024054272"/><line number="53" hits="2594073385365405696"/><line number="54" hits="17077649786988920832"/><line number="55" hits="15924728282382073856"/><line number="59" hits="2594073385365405696"/><line number="60" hits="17077649786988920850"/><line number="61" hits="15780613094306218002"/><line number="62" hits="10520408729537478668"/><line number="63" hits="16573246628723425280"/><line number="64" hits="13258597302978740224"/><line number="65" hits="1297036692682702848"/><line number="68" hits="1945555039024054272"/><line number="69" hits="1945555039024054272"/><line number="70" hits="648518346341351424"/><line number="73" hits="1080863910568919043"/><line number="74" hits="5404319552844595215"/><line number="75" hits="3242591731706757129"/><line number="76" hits="7566047373982433301"/><line number="77" hits="7566047373982433301"/><line number="79" hits="288230376151711744"/><line number="80" hits="1152921504606846976"/><line number="81" hits="2305843009213693952"/><line number="82" hits="288230376151711744"/><line number="88" hits="0"/><line number="89" hits="0"/><line number="90" hits="0"/><line number="91" hits="0"/><line number="92" hits="0"/><line number="93" hits="0"/><line number="95" hits="0"/><line number="97" hits="0"/><line number="98" hits="0"/><line number="99" hits="0"/><line number="100" hits="0"/><line number="102" hits="0"/><line number="103" hits="0"/><line number="104" hits="0"/><line number="105" hits="0"/><line number="108" hits="0"/><line number="112" hits="720575940379279360"/><line number="113" hits="2161727821137838080"/><line number="114" hits="1441151880758558720"/><line number="115" hits="2161727821137838080"/><line number="116" hits="1441151880758558720"/><line number="117" hits="1441151880758558720"/><line number="118" hits="1441151880758558720"/><line number="119" hits="6196953087261802496"/><line number="121" hits="16429131440647569408"/><line number="122" hits="17582052945254416384"/><line number="124" hits="3314649325744685068"/><line number="125" hits="13042424520864956446"/><line number="126" hits="13042424520864956446"/><line number="127" hits="15204152342002794514"/><line number="129" hits="10952754293765046272"/><line number="130" hits="10952754293765046272"/><line number="131" hits="5476377146882523136"/><line number="133" hits="12249790986447749129"/><line number="134" hits="11673330234144326571"/><line number="136" hits="16285016252571719204"/><line number="137" hits="5764607523034257540"/><line number="138" hits="5764607523034257540"/><line number="139" hits="13546827679130457617"/><line number="141" hits="14267403619509731343"/><line number="142" hits="2017612633061982214"/><line number="143" hits="14627691589699376102"/><line number="144" hits="14699749183737289788"/><line number="145" hits="8358680908399631233"/><line number="146" hits="6341068275337658555"/><line number="149" hits="3458764513820540928"/><line number="150" hits="288230376151711744"/><line number="152" hits="576460752303423458"/><line number="154" hits="720575940379279360"/><line number="157" hits="8286623314361712646"/><line number="158" hits="6413125869375586322"/><line number="159" hits="6413125869375586322"/><line number="160" hits="72057594037928872"/><line number="161" hits="6413125869375586322"/><line number="164" hits="5476377146882528745"/><line number="165" hits="8935141660703092109"/><line number="166" hits="4611686018427399122"/><line number="170" hits="720575940379279366"/><line number="171" hits="13546827679130451986"/><line number="176" hits="144115188075855872"/><line number="177" hits="288230376151711744"/><line number="178" hits="288230376151711744"/><line number="179" hits="576460752303423488"/><line number="180" hits="720575940379279360"/><line number="181" hits="2017612633061982208"/><line number="182" hits="288230376151711744"/><line number="183" hits="2017612633061982208"/><line number="184" hits="144115188075855872"/></lines></class><class name="network" filename="nexuszero-holographic\src\tensor\network.rs" line-rate="1" branch-rate="0" complexity="0"><methods/><lines><line number="10" hits="1297036692682702848"/><line number="11" hits="6629298651489370112"/><line number="14" hits="576460752303423488"/><line number="15" hits="2305843009213693952"/><line number="16" hits="1729382256910270464"/><line number="18" hits="1297036692682702848"/><line number="19" hits="2882303761517117440"/><line number="20" hits="1729382256910270464"/><line number="21" hits="1297036692682702848"/><line number="22" hits="288230376151711744"/><line number="23" hits="1441151880758558720"/><line number="24" hits="1441151880758558720"/><line number="25" hits="576460752303423488"/><line number="26" hits="864691128455135232"/><line number="27" hits="144115188075855872"/><line number="28" hits="432345564227567616"/><line number="29" hits="864691128455135232"/><line number="30" hits="288230376151711744"/></lines></class></classes></package><package name="nexuszero-integration\examples" line-rate="0" branch-rate="0" complexity="0"><classes></classes></package><package name="nexuszero-crypto\target\release\build\serde-cbdbc5f821787281\out" line-rate="0" branch-rate="0" complexity="0"><classes></classes></package><package name="nexuszero-holographic\src" line-rate="0.926984126984127" branch-rate="0" complexity="0"><classes><class name="cli" filename="nexuszero-holographic\src\cli.rs" line-rate="1" branch-rate="0" complexity="0"><methods/><lines><line number="8" hits="576460752303423488"/><line number="9" hits="1152921504606846976"/><line number="12" hits="576460752303423488"/><line number="13" hits="1152921504606846976"/><line number="14" hits="2305843009213693952"/><line number="15" hits="1152921504606846976"/><line number="16" hits="2882303761517117440"/><line number="17" hits="1729382256910270464"/><line number="18" hits="1152921504606846976"/><line number="19" hits="1729382256910270464"/><line number="20" hits="2305843009213693952"/><line number="21" hits="2305843009213693952"/><line number="23" hits="1152921504606846976"/><line number="24" hits="2305843009213693952"/><line number="25" hits="1152921504606846976"/><line number="26" hits="2305843009213693952"/><line number="27" hits="2305843009213693952"/><line number="28" hits="2305843009213693952"/><line number="29" hits="1729382256910270464"/><line number="30" hits="864691128455135232"/><line number="31" hits="1441151880758558720"/><line number="32" hits="288230376151711744"/><line number="34" hits="576460752303423488"/><line number="37" hits="432345564227567616"/><line number="38" hits="864691128455135232"/><line number="39" hits="1585267068834414592"/><line number="40" hits="576460752303423488"/><line number="41" hits="1152921504606846976"/><line number="42" hits="864691128455135232"/><line number="43" hits="1152921504606846976"/><line number="44" hits="1152921504606846976"/><line number="45" hits="1152921504606846976"/><line number="46" hits="1152921504606846976"/><line number="47" hits="864691128455135232"/><line number="48" hits="576460752303423488"/><line number="49" hits="288230376151711744"/><line number="51" hits="288230376151711744"/><line number="54" hits="1441151880758558720"/><line number="55" hits="14123288431433876464"/><line number="57" hits="10520408729537478656"/><line number="58" hits="1441151880758558720"/><line number="59" hits="576460752303423488"/><line number="60" hits="2882303761517117440"/><line number="61" hits="864691128455135232"/><line number="63" hits="1585267068834414592"/><line number="64" hits="1152921504606846976"/><line number="65" hits="1729382256910270464"/><line number="66" hits="864691128455135232"/><line number="67" hits="864691128455135232"/><line number="68" hits="576460752303423488"/><line number="69" hits="2305843009213693952"/><line number="70" hits="864691128455135232"/><line number="71" hits="2305843009213693952"/><line number="72" hits="2017612633061982208"/><line number="73" hits="288230376151711744"/><line number="76" hits="4611686018427387904"/><line number="77" hits="4899916394579099648"/><line number="78" hits="1729382256910270464"/></lines></class></classes></package><package name="nexuszero-crypto\examples" line-rate="0" branch-rate="0" complexity="0"><classes></classes></package><package name="nexuszero-holographic\tests" line-rate="0.53125" branch-rate="0" complexity="0"><classes><class name="cli_integration" filename="nexuszero-holographic\tests\cli_integration.rs" line-rate="1" branch-rate="0" complexity="0"><methods/><lines><line number="7" hits="432345564227567616"/><line number="8" hits="1729382256910270464"/><line number="9" hits="864691128455135232"/><line number="10" hits="1729382256910270464"/><line number="11" hits="432345564227567616"/></lines></class><class name="compression_tests" filename="nexuszero-holographic\tests\compression_tests.rs" line-rate="0.3181818181818182" branch-rate="0" complexity="0"><methods/><lines><line number="18" hits="1657324662872342528"/><line number="19" hits="14987979559889010688"/><line number="23" hits="648518346341351425"/><line number="24" hits="648518346341351425"/><line number="25" hits="1297036692682705795"/><line number="26" hits="1297036692682708740"/><line number="27" hits="1945555039024063110"/><line number="36" hits="0"/><line number="37" hits="0"/><line number="38" hits="0"/><line number="39" hits="0"/><line number="40" hits="0"/><line number="41" hits="0"/><line number="42" hits="0"/><line number="43" hits="0"/><line number="44" hits="0"/><line number="46" hits="0"/><line number="85" hits="0"/><line number="86" hits="0"/><line number="87" hits="0"/><line number="330" hits="0"/><line number="331" hits="0"/></lines></class><class name="mps_decoder_extra_tests" filename="nexuszero-holographic\tests\mps_decoder_extra_tests.rs" line-rate="1" branch-rate="0" complexity="0"><methods/><lines><line number="8" hits="144115188075855872"/><line number="9" hits="576460752303423488"/><line number="10" hits="288230376151711744"/><line number="11" hits="576460752303423488"/><line number="12" hits="144115188075855872"/></lines></class></classes></package><package name="nexuszero-crypto\src\params" line-rate="0.8986175115207373" branch-rate="0" complexity="0"><classes><class name="security" filename="nexuszero-crypto\src\params\security.rs" line-rate="0.7083333333333334" branch-rate="0" complexity="0"><methods/><lines><line number="41" hits="2017612633061982208"/><line number="42" hits="2017612633061982208"/><line number="43" hits="1152921504606846976"/><line number="44" hits="432345564227567616"/><line number="45" hits="432345564227567616"/><line number="50" hits="1152921504606846976"/><line number="63" hits="432345564227567616"/><line number="76" hits="432345564227567616"/><line number="93" hits="1513209474796486656"/><line number="95" hits="1513209474796486656"/><line number="96" hits="72057594037927936"/><line number="97" hits="72057594037927936"/><line number="102" hits="1441151880758558720"/><line number="103" hits="72057594037927936"/><line number="104" hits="72057594037927936"/><line number="109" hits="1369094286720630784"/><line number="110" hits="144115188075855872"/><line number="111" hits="144115188075855872"/><line number="116" hits="1224979098644774912"/><line number="117" hits="0"/><line number="118" hits="0"/><line number="119" hits="0"/><line number="124" hits="1224979098644774912"/><line number="125" hits="0"/><line number="126" hits="0"/><line number="127" hits="0"/><line number="132" hits="1224979098644774912"/><line number="133" hits="0"/><line number="134" hits="0"/><line number="135" hits="0"/><line number="140" hits="1224979098644774912"/><line number="141" hits="0"/><line number="142" hits="0"/><line number="143" hits="0"/><line number="148" hits="1224979098644774912"/><line number="168" hits="792633534417207296"/><line number="169" hits="2377900603251621888"/><line number="172" hits="792633534417207296"/><line number="173" hits="0"/><line number="176" hits="3963167672086036480"/><line number="178" hits="792633534417207296"/><line number="179" hits="0"/><line number="190" hits="216172782113783808"/><line number="191" hits="432345564227567616"/><line number="195" hits="144115188075855872"/><line number="196" hits="288230376151711744"/><line number="200" hits="144115188075855872"/><line number="201" hits="288230376151711744"/></lines></class><class name="selector" filename="nexuszero-crypto\src\params\selector.rs" line-rate="0.9526627218934911" branch-rate="0" complexity="0"><methods/><lines><line number="41" hits="0"/><line number="42" hits="0"/><line number="48" hits="1873497444986126347"/><line number="62" hits="1297036692682702848"/><line number="63" hits="1297036692682702848"/><line number="64" hits="1297036692682702848"/><line number="68" hits="648518346341351424"/><line number="69" hits="648518346341351424"/><line number="70" hits="648518346341351424"/><line number="74" hits="1008806316530991104"/><line number="75" hits="1008806316530991104"/><line number="76" hits="1008806316530991104"/><line number="80" hits="216172782113783808"/><line number="81" hits="216172782113783808"/><line number="82" hits="216172782113783808"/><line number="86" hits="288230376151711744"/><line number="87" hits="288230376151711744"/><line number="88" hits="288230376151711744"/><line number="92" hits="360287970189639680"/><line number="93" hits="360287970189639680"/><line number="94" hits="360287970189639680"/><line number="98" hits="216172782113783808"/><line number="99" hits="216172782113783808"/><line number="100" hits="216172782113783808"/><line number="104" hits="216172782113783808"/><line number="105" hits="216172782113783808"/><line number="106" hits="216172782113783808"/><line number="110" hits="1224979098644774912"/><line number="112" hits="4899916394579099648"/><line number="115" hits="4899916394579099648"/><line number="118" hits="3458764513820540928"/><line number="119" hits="2305843009213693952"/><line number="122" hits="5764607523034234880"/><line number="125" hits="3242591731706757120"/><line number="126" hits="1080863910568919040"/><line number="127" hits="864691128455135232"/><line number="128" hits="144115188075855872"/><line number="129" hits="72057594037927936"/><line number="134" hits="6485183463413514240"/><line number="135" hits="2161727821137838080"/><line number="137" hits="1080863910568919040"/><line number="141" hits="648518346341351424"/><line number="143" hits="2594073385365405696"/><line number="146" hits="2594073385365405696"/><line number="149" hits="2882303761517117440"/><line number="152" hits="1729382256910270464"/><line number="153" hits="576460752303423488"/><line number="154" hits="288230376151711744"/><line number="155" hits="144115188075855872"/><line number="156" hits="144115188075855872"/><line number="161" hits="2882303761517117440"/><line number="162" hits="1152921504606846976"/><line number="164" hits="576460752303423488"/><line number="168" hits="1224979098644774912"/><line number="170" hits="2449958197289549824"/><line number="171" hits="1008806316530991104"/><line number="172" hits="144115188075855872"/><line number="173" hits="72057594037927936"/><line number="177" hits="2449958197289549824"/><line number="179" hits="1657324662872342528"/><line number="180" hits="648518346341351424"/><line number="181" hits="216172782113783808"/><line number="185" hits="1657324662872342528"/><line number="186" hits="576460752303423488"/><line number="187" hits="144115188075855872"/><line number="192" hits="1224979098644774912"/><line number="193" hits="72057594037927936"/><line number="194" hits="72057594037927936"/><line number="198" hits="1152921504606846976"/><line number="202" hits="864691128455135232"/><line number="203" hits="1729382256910270464"/><line number="204" hits="432345564227567616"/><line number="205" hits="288230376151711744"/><line number="206" hits="144115188075855872"/><line number="209" hits="1729382256910270464"/><line number="212" hits="1080863910568919040"/><line number="213" hits="216172782113783808"/><line number="214" hits="0"/><line number="218" hits="1441151880758558720"/><line number="219" hits="648518346341351424"/><line number="221" hits="216172782113783808"/><line number="226" hits="864691128455135232"/><line number="227" hits="0"/><line number="231" hits="864691128455135232"/><line number="232" hits="72057594037927936"/><line number="233" hits="72057594037927936"/><line number="237" hits="792633534417207296"/><line number="241" hits="1729382256910270464"/><line number="243" hits="3458764513820540928"/><line number="244" hits="1224979098644774912"/><line number="245" hits="288230376151711744"/><line number="246" hits="216172782113783808"/><line number="249" hits="3458764513820540928"/><line number="252" hits="1945555039024054272"/><line number="253" hits="288230376151711744"/><line number="254" hits="72057594037927936"/><line number="258" hits="2017612633061982208"/><line number="259" hits="432345564227567616"/><line number="260" hits="144115188075855872"/><line number="265" hits="1729382256910270464"/><line number="266" hits="720575940379279360"/><line number="271" hits="1729382256910270464"/><line number="272" hits="72057594037927936"/><line number="273" hits="72057594037927936"/><line number="277" hits="1657324662872342528"/><line number="281" hits="432345564227567616"/><line number="285" hits="1297036692682702848"/><line number="286" hits="1297036692682702848"/><line number="290" hits="864691128455135232"/><line number="294" hits="1297036692682702848"/><line number="298" hits="864691128455135232"/><line number="299" hits="360287970189639680"/><line number="301" hits="72057594037927936"/><line number="305" hits="864691128455135232"/><line number="308" hits="432345564227567616"/><line number="313" hits="936748722493063168"/><line number="315" hits="1873497444986126336"/><line number="317" hits="2882303761517117440"/><line number="319" hits="2954361355555045376"/><line number="320" hits="3891110078048108544"/><line number="321" hits="3891110078048108544"/><line number="322" hits="864691128455135232"/><line number="327" hits="1873497444986126336"/><line number="328" hits="1585267068834414592"/><line number="329" hits="1585267068834414592"/><line number="330" hits="72057594037927936"/><line number="335" hits="0"/><line number="336" hits="0"/><line number="353" hits="5908722711110090752"/><line number="355" hits="5908722711110090752"/><line number="356" hits="144115188075855872"/><line number="358" hits="11385099857992613888"/><line number="359" hits="288230376151711744"/><line number="361" hits="5476377146882523136"/><line number="362" hits="1369094286720630784"/><line number="366" hits="8214565720323784704"/><line number="367" hits="8214565720323784704"/><line number="368" hits="9007199254740992000"/><line number="369" hits="11673330234144325632"/><line number="370" hits="11673330234144325632"/><line number="375" hits="12321848580485677056"/><line number="376" hits="8214565720323784704"/><line number="378" hits="4107282860161892352"/><line number="380" hits="12682136550675316736"/><line number="381" hits="288230376151711744"/><line number="384" hits="6629298651489370112"/><line number="386" hits="9223372036854775804"/><line number="387" hits="10088063165309911042"/><line number="390" hits="2305843009213693950"/><line number="392" hits="14267403619509731332"/><line number="394" hits="14267403619509731332"/><line number="395" hits="576460752303423486"/><line number="400" hits="1729382256910270464"/><line number="404" hits="2377900603251621888"/><line number="411" hits="360287970189639685"/><line number="412" hits="360287970189639685"/><line number="413" hits="144115188075855872"/><line number="414" hits="144115188075855872"/><line number="418" hits="432345564227567626"/><line number="419" hits="432345564227567626"/><line number="421" hits="216172782113783813"/><line number="423" hits="2161727821137838080"/><line number="424" hits="2161727821137838080"/><line number="425" hits="4323455642275676160"/><line number="428" hits="1080863910568919040"/><line number="431" hits="2161727821137838080"/><line number="432" hits="216172782113783813"/><line number="436" hits="0"/><line number="437" hits="0"/></lines></class></classes></package><package name="nexuszero-holographic\src\bin" line-rate="0" branch-rate="0" complexity="0"><classes><class name="holo_encode" filename="nexuszero-holographic\src\bin\holo_encode.rs" line-rate="0" branch-rate="0" complexity="0"><methods/><lines><line number="3" hits="0"/><line number="4" hits="0"/><line number="5" hits="0"/><line number="6" hits="0"/><line number="7" hits="0"/></lines></class></classes></package><package name="nexuszero-holographic\src\compression" line-rate="0.991304347826087" branch-rate="0" complexity="0"><classes><class name="boundary" filename="nexuszero-holographic\src\compression\boundary.rs" line-rate="1" branch-rate="0" complexity="0"><methods/><lines><line number="14" hits="72057594037928048"/><line number="16" hits="144115188075856096"/><line number="17" hits="144115188075856096"/><line number="19" hits="288230376151712192"/><line number="23" hits="72057594037927936"/><line number="25" hits="216172782113783808"/><line number="29" hits="72057594037927936"/><line number="30" hits="72057594037927936"/></lines></class><class name="decoder" filename="nexuszero-holographic\src\compression\decoder.rs" line-rate="0.9655172413793104" branch-rate="0" complexity="0"><methods/><lines><line number="6" hits="288230376151711746"/><line number="8" hits="576460752303423492"/><line number="9" hits="864691128455135238"/><line number="10" hits="288230376151711746"/><line number="12" hits="144115188075855872"/><line number="14" hits="360287970189639684"/><line number="15" hits="216172782113783808"/><line number="17" hits="216172782113783808"/><line number="18" hits="216172782113783808"/><line number="19" hits="72057594037927938"/><line number="21" hits="17365880163140632646"/><line number="22" hits="144115188075856037"/><line number="23" hits="9223372036854775940"/><line number="24" hits="2305843009213693985"/><line number="26" hits="34"/><line number="31" hits="18446744073709551584"/><line number="32" hits="18446744073709551584"/><line number="34" hits="72057594037926788"/><line number="35" hits="18446744073709550468"/><line number="38" hits="144115188075857020"/><line number="39" hits="144115188075857020"/><line number="40" hits="72057594037927936"/><line number="41" hits="18446744073709550468"/><line number="42" hits="18446744073709550468"/><line number="44" hits="216172782113785530"/><line number="47" hits="0"/><line number="50" hits="144115188075855874"/><line number="54" hits="144115188075855872"/><line number="56" hits="144115188075855872"/></lines></class><class name="encoder" filename="nexuszero-holographic\src\compression\encoder.rs" line-rate="1" branch-rate="0" complexity="0"><methods/><lines><line number="5" hits="576460752303423488"/><line number="7" hits="2882303761517117440"/><line number="8" hits="13835058055282163712"/><line number="10" hits="13258597302978740224"/><line number="12" hits="1729382256910270464"/><line number="16" hits="576460752303423488"/><line number="17" hits="1729382256910270464"/><line number="18" hits="1152921504606846976"/><line number="19" hits="864691128455135232"/><line number="20" hits="2161727821137838080"/><line number="21" hits="3602879701896396800"/><line number="23" hits="2305843009213693952"/><line number="25" hits="432345564227567616"/></lines></class><class name="mps" filename="nexuszero-holographic\src\compression\mps.rs" line-rate="1" branch-rate="0" complexity="0"><methods/><lines><line number="14" hits="11240984669916758016"/><line number="15" hits="15276209936040722432"/><line number="16" hits="15276209936040722432"/><line number="17" hits="4035225266123964416"/><line number="18" hits="14987979559889010691"/><line number="19" hits="15132094747964873070"/><line number="20" hits="15132094747964866568"/><line number="21" hits="7493989779944505350"/><line number="22" hits="4611686018427387956"/><line number="23" hits="11240984669916758025"/><line number="24" hits="11240984669916758025"/><line number="29" hits="10808639105689190404"/><line number="30" hits="13979173243358019596"/><line number="31" hits="3170534137668829192"/><line number="32" hits="2594073385365405696"/><line number="33" hits="15708555500268290048"/><line number="35" hits="5620492334958379006"/><line number="36" hits="10952754293765046270"/><line number="37" hits="10952754293765046270"/><line number="38" hits="10952754293765046270"/><line number="39" hits="10952754293765046270"/><line number="40" hits="10808639105689190392"/><line number="41" hits="6052837899185946608"/><line number="42" hits="15564440312192434208"/><line number="43" hits="576460752303423476"/><line number="47" hits="10520408729537478656"/><line number="50" hits="10376293541461643100"/><line number="53" hits="16"/><line number="55" hits="1297036692682702847"/><line number="56" hits="3891110078048108543"/><line number="58" hits="3891110078048108541"/><line number="59" hits="11096869481840913755"/><line number="60" hits="1297036692682702847"/><line number="63" hits="576460752303423488"/><line number="65" hits="576460752303423488"/><line number="68" hits="144115188075855872"/><line number="69" hits="432345564227567616"/><line number="72" hits="432345564227567616"/><line number="76" hits="2882303761517117440"/><line number="77" hits="2882303761517131660"/><line number="78" hits="5764607523034234880"/><line number="79" hits="2882303761517117440"/><line number="83" hits="3458764513820540928"/><line number="86" hits="288230376151711744"/><line number="87" hits="576460752303423488"/><line number="92" hits="7061644215716937732"/><line number="93" hits="2738188573441261576"/><line number="94" hits="2738188573441261568"/><line number="95" hits="2738188573441261568"/><line number="96" hits="7349874591868649470"/><line number="97" hits="10088063165309911106"/><line number="98" hits="9799832789158203524"/><line number="99" hits="2305843009214497807"/></lines></class><class name="peps" filename="nexuszero-holographic\src\compression\peps.rs" line-rate="1" branch-rate="0" complexity="0"><methods/><lines><line number="12" hits="72057594037927936"/><line number="13" hits="144115188075855872"/><line number="14" hits="144115188075855872"/><line number="15" hits="72057594037927936"/><line number="16" hits="1152921504606846976"/><line number="17" hits="864691128455141208"/><line number="18" hits="864691128455135232"/><line number="20" hits="144115188075855872"/><line number="23" hits="72057594037927936"/><line number="24" hits="1513209474796486672"/><line number="25" hits="288230376151711744"/><line number="26" hits="72057594037927936"/></lines></class></classes></package><package name="nexuszero-crypto\target\debug\build\typenum-960baf42cf6f3f6a\out" line-rate="0" branch-rate="0" complexity="0"><classes></classes></package><package name="nexuszero-crypto\target\debug\build\serde-02f265c7c84a2145\out" line-rate="0" branch-rate="0" complexity="0"><classes></classes></package><package name="nexuszero-crypto\benches" line-rate="0" branch-rate="0" complexity="0"><classes></classes></package><package name="nexuszero-holographic\src\verification" line-rate="1" branch-rate="0" complexity="0"><classes><class name="direct_verify" filename="nexuszero-holographic\src\verification\direct_verify.rs" line-rate="1" branch-rate="0" complexity="0"><methods/><lines><line number="3" hits="72057594037927936"/><line number="5" hits="72057594037927936"/></lines></class></classes></package><package name="nexuszero-crypto\target\release\build\serde-a3ea18fcc04d2c53\out" line-rate="0" branch-rate="0" complexity="0"><classes></classes></package><package name="nexuszero-crypto\src" line-rate="0.8451253481894151" branch-rate="0" complexity="0"
[...]
33061982208"/><line number="456" hits="1513209474796486656"/><line number="457" hits="1513209474796486656"/><line number="459" hits="2017612633061982208"/><line number="460" hits="1513209474796486656"/><line number="461" hits="504403158265495552"/><line number="464" hits="144115188075855872"/><line number="466" hits="0"/><line number="469" hits="360287970189639680"/><line number="470" hits="216172782113783808"/><line number="473" hits="288230376151711744"/><line number="509" hits="72057594037927936"/><line number="512" hits="360287970189639680"/><line number="514" hits="144115188075855872"/><line number="517" hits="216172782113783808"/><line number="518" hits="1152921504606847939"/><line number="522" hits="216172782113783808"/><line number="524" hits="144115188075855872"/><line number="525" hits="1152921504606846976"/><line number="529" hits="144115188075855872"/><line number="530" hits="864691128455135232"/><line number="531" hits="1801439850948198400"/><line number="532" hits="1080863910568919040"/><line number="533" hits="1441151880758558720"/><line number="537" hits="216172782113783808"/><line number="539" hits="144115188075855872"/><line number="540" hits="1152921504606846976"/><line number="544" hits="216172782113783808"/><line number="553" hits="72057594037927936"/><line number="555" hits="144115188075855872"/><line number="556" hits="288230376151711744"/><line number="557" hits="216172782113783808"/><line number="561" hits="72057594037927936"/><line number="562" hits="216172782113783808"/><line number="594" hits="17437937757178560512"/><line number="595" hits="13474770085092523989"/><line number="597" hits="16285016252571713622"/><line number="599" hits="2666130979403333761"/><line number="601" hits="14771806777775226880"/><line number="603" hits="8863084066665136128"/><line number="605" hits="11817445422220181504"/><line number="608" hits="17365880163140632619"/></lines></class><class name="hardware" filename="nexuszero-crypto\src\utils\hardware.rs" line-rate="0.6464088397790055" branch-rate="0" complexity="0"><methods/><lines><line number="91" hits="432345564227567616"/><line number="92" hits="432345564227567616"/><line number="93" hits="216172782113783808"/><line number="94" hits="216172782113783808"/><line number="95" hits="216172782113783808"/><line number="96" hits="648518346341351424"/><line number="141" hits="504403158265495552"/><line number="152" hits="576460752303423488"/><line number="153" hits="576460752303423488"/><line number="158" hits="0"/><line number="159" hits="0"/><line number="164" hits="72057594037927936"/><line number="165" hits="72057594037927936"/><line number="166" hits="72057594037927936"/><line number="167" hits="72057594037927936"/><line number="170" hits="0"/><line number="171" hits="0"/><line number="174" hits="432345564227567616"/><line number="175" hits="432345564227567616"/><line number="178" hits="0"/><line number="179" hits="0"/><line number="182" hits="72057594037927936"/><line number="188" hits="72057594037927936"/><line number="189" hits="72057594037927936"/><line number="197" hits="0"/><line number="198" hits="0"/><line number="199" hits="0"/><line number="201" hits="0"/><line number="202" hits="0"/><line number="205" hits="0"/><line number="206" hits="0"/><line number="207" hits="0"/><line number="211" hits="0"/><line number="214" hits="0"/><line number="215" hits="0"/><line number="216" hits="0"/><line number="221" hits="0"/><line number="222" hits="48"/><line number="225" hits="0"/><line number="226" hits="0"/><line number="227" hits="0"/><line number="232" hits="0"/><line number="233" hits="0"/><line number="236" hits="0"/><line number="237" hits="0"/><line number="238" hits="0"/><line number="242" hits="0"/><line number="243" hits="0"/><line number="246" hits="0"/><line number="247" hits="0"/><line number="248" hits="0"/><line number="252" hits="0"/><line number="253" hits="0"/><line number="254" hits="0"/><line number="255" hits="0"/><line number="256" hits="0"/><line number="257" hits="0"/><line number="258" hits="0"/><line number="259" hits="0"/><line number="260" hits="0"/><line number="280" hits="576460752303423488"/><line number="286" hits="0"/><line number="287" hits="0"/><line number="292" hits="72057594037927936"/><line number="294" hits="72057594037927936"/><line number="295" hits="72057594037927936"/><line number="298" hits="432345564227567616"/><line number="299" hits="864691128455135232"/><line number="302" hits="0"/><line number="303" hits="0"/><line number="306" hits="72057594037927936"/><line number="316" hits="216172782113783808"/><line number="317" hits="216172782113783808"/><line number="318" hits="216172782113783808"/><line number="320" hits="360287970189639680"/><line number="321" hits="72057594037927936"/><line number="324" hits="0"/><line number="326" hits="0"/><line number="329" hits="72057594037927936"/><line number="331" hits="144115188075855872"/><line number="332" hits="792633534417207296"/><line number="335" hits="0"/><line number="336" hits="0"/><line number="339" hits="0"/><line number="340" hits="0"/><line number="343" hits="144115188075855872"/><line number="344" hits="144115188075855872"/><line number="345" hits="288230376151711744"/><line number="346" hits="288230376151711744"/><line number="347" hits="288230376151711744"/><line number="348" hits="288230376151711744"/><line number="349" hits="288230376151711744"/><line number="350" hits="144115188075855872"/><line number="351" hits="144115188075855872"/><line number="352" hits="144115188075855872"/><line number="370" hits="0"/><line number="377" hits="216172782113783808"/><line number="380" hits="216172782113783808"/><line number="386" hits="0"/><line number="387" hits="0"/><line number="392" hits="216172782113783808"/><line number="394" hits="216172782113783808"/><line number="395" hits="216172782113783808"/><line number="398" hits="72057594037927936"/><line number="399" hits="144115188075855872"/><line number="402" hits="72057594037927936"/><line number="403" hits="72057594037927936"/><line number="406" hits="72057594037927936"/><line number="416" hits="216172782113783808"/><line number="417" hits="216172782113783808"/><line number="418" hits="216172782113783808"/><line number="420" hits="360287970189639680"/><line number="421" hits="72057594037927936"/><line number="424" hits="0"/><line number="426" hits="0"/><line number="429" hits="72057594037927936"/><line number="432" hits="144115188075855872"/><line number="433" hits="1369094286720630784"/><line number="436" hits="72057594037927936"/><line number="437" hits="72057594037927936"/><line number="438" hits="72057594037927936"/><line number="439" hits="72057594037927936"/><line number="442" hits="144115188075855872"/><line number="443" hits="144115188075855872"/><line number="444" hits="144115188075855872"/><line number="447" hits="144115188075855872"/><line number="448" hits="144115188075855872"/><line number="449" hits="288230376151711744"/><line number="450" hits="288230376151711744"/><line number="451" hits="288230376151711744"/><line number="452" hits="288230376151711744"/><line number="453" hits="288230376151711744"/><line number="454" hits="144115188075855872"/><line number="455" hits="144115188075855872"/><line number="456" hits="144115188075855872"/><line number="471" hits="792633534417207296"/><line number="472" hits="792633534417207296"/><line number="477" hits="0"/><line number="478" hits="0"/><line number="483" hits="144115188075855872"/><line number="484" hits="144115188075855872"/><line number="487" hits="288230376151711744"/><line number="488" hits="288230376151711744"/><line number="491" hits="144115188075855872"/><line number="492" hits="144115188075855872"/><line number="495" hits="144115188075855872"/><line number="504" hits="432345564227567616"/><line number="505" hits="432345564227567616"/><line number="506" hits="432345564227567616"/><line number="508" hits="720575940379279360"/><line number="509" hits="144115188075855872"/><line number="512" hits="72057594037927936"/><line number="514" hits="144115188075855872"/><line number="517" hits="216172782113783808"/><line number="519" hits="432345564227567616"/><line number="520" hits="12177733392409821184"/><line number="523" hits="0"/><line number="524" hits="0"/><line number="527" hits="72057594037927936"/><line number="528" hits="72057594037927936"/><line number="531" hits="216172782113783808"/><line number="532" hits="216172782113783808"/><line number="533" hits="432345564227567616"/><line number="534" hits="432345564227567616"/><line number="535" hits="432345564227567616"/><line number="536" hits="432345564227567616"/><line number="537" hits="432345564227567616"/><line number="538" hits="216172782113783808"/><line number="539" hits="216172782113783808"/><line number="540" hits="216172782113783808"/><line number="550" hits="432345564227567616"/><line number="552" hits="864691128455135232"/><line number="553" hits="864691128455135232"/><line number="554" hits="0"/><line number="555" hits="0"/><line number="558" hits="864691128455135232"/><line number="559" hits="864691128455135232"/><line number="560" hits="0"/><line number="561" hits="0"/><line number="564" hits="432345564227567616"/><line number="565" hits="432345564227567616"/></lines></class><class name="math" filename="nexuszero-crypto\src\utils\math.rs" line-rate="0.8888888888888888" branch-rate="0" complexity="0"><methods/><lines><line number="8" hits="0"/><line number="11" hits="0"/><line number="12" hits="0"/><line number="17" hits="144115188075855872"/><line number="19" hits="432345564227567616"/><line number="20" hits="432345564227567616"/><line number="22" hits="864691128455135232"/><line number="23" hits="1080863910568919040"/><line number="24" hits="1080863910568919040"/><line number="25" hits="1080863910568919040"/><line number="26" hits="720575940379279360"/><line number="28" hits="1080863910568919040"/><line number="29" hits="720575940379279360"/><line number="30" hits="360287970189639680"/><line number="33" hits="144115188075855872"/><line number="34" hits="72057594037927936"/><line number="35" hits="72057594037927936"/><line number="36" hits="72057594037927936"/><line number="40" hits="144115188075855872"/><line number="41" hits="72057594037927936"/><line number="44" hits="72057594037927936"/><line number="48" hits="216172782113783808"/><line number="49" hits="1224979098644774912"/><line number="50" hits="1513209474796486656"/><line number="51" hits="504403158265495552"/><line number="52" hits="504403158265495552"/><line number="54" hits="432345564227567616"/></lines></class><class name="sidechannel" filename="nexuszero-crypto\src\utils\sidechannel.rs" line-rate="0.907563025210084" branch-rate="0" complexity="0"><methods/><lines><line number="39" hits="864691128455135232"/><line number="41" hits="864691128455135232"/><line number="42" hits="864691128455135232"/><line number="48" hits="1297036692682702848"/><line number="49" hits="3891110078048108544"/><line number="53" hits="1729382256910270476"/><line number="54" hits="5188146770730811428"/><line number="58" hits="1657324662872342540"/><line number="59" hits="3242591731706757144"/><line number="60" hits="72057594037927936"/><line number="63" hits="6341068275337658416"/><line number="64" hits="6341068275337658416"/><line number="66" hits="7926335344172073020"/><line number="67" hits="7926335344172073020"/><line number="69" hits="3170534137668829208"/><line number="70" hits="3170534137668829208"/><line number="72" hits="6341068275337658416"/><line number="74" hits="1585267068834414604"/><line number="76" hits="288230376151711744"/><line number="77" hits="144115188075855872"/><line number="80" hits="144115188075855872"/><line number="84" hits="1297036692682702860"/><line number="88" hits="792633534417207296"/><line number="89" hits="792633534417207296"/><line number="90" hits="2377900603251621888"/><line number="91" hits="0"/><line number="95" hits="3170534137668829184"/><line number="96" hits="9799832789158256182"/><line number="97" hits="6341068275337658368"/><line number="100" hits="3170534137668829184"/><line number="101" hits="9511602413006487552"/><line number="103" hits="7782220156096217143"/><line number="104" hits="9223372036854775918"/><line number="105" hits="4611686018427387959"/><line number="108" hits="6341068275337658368"/><line number="113" hits="0"/><line number="114" hits="0"/><line number="142" hits="1080863910568919040"/><line number="144" hits="1080863910568919040"/><line number="145" hits="1080863910568919040"/><line number="150" hits="11817445422220181504"/><line number="151" hits="5188146770730811392"/><line number="152" hits="15564440312192434176"/><line number="154" hits="17005592192950992896"/><line number="155" hits="17005592192950992896"/><line number="156" hits="5188146770730811392"/><line number="157" hits="5188146770730811392"/><line number="158" hits="11817445422220181504"/><line number="159" hits="11817445422220181504"/><line number="162" hits="11817445422220181504"/><line number="166" hits="144115188075855872"/><line number="167" hits="288230376151711744"/><line number="168" hits="432345564227567616"/><line number="172" hits="360287970189639680"/><line number="173" hits="720575940379279360"/><line number="174" hits="720575940379279360"/><line number="176" hits="360287970189639680"/><line number="177" hits="1441151880758558720"/><line number="178" hits="720575940379279360"/><line number="182" hits="1080863910568919040"/><line number="183" hits="3963167672086036480"/><line number="184" hits="3602879701896396800"/><line number="187" hits="1080863910568919040"/><line number="188" hits="1080863910568919040"/><line number="190" hits="11889503016258109440"/><line number="191" hits="11529215046068469760"/><line number="192" hits="17798225727368200192"/><line number="194" hits="3314649325744685056"/><line number="199" hits="1080863910568919040"/><line number="207" hits="0"/><line number="208" hits="0"/><line number="209" hits="0"/><line number="214" hits="0"/><line number="215" hits="0"/><line number="254" hits="216172782113783808"/><line number="256" hits="216172782113783808"/><line number="262" hits="648518346341351424"/><line number="263" hits="1945555039024054272"/><line number="264" hits="1297036692682702848"/><line number="265" hits="1297036692682702848"/><line number="266" hits="648518346341351424"/><line number="267" hits="648518346341351424"/><line number="272" hits="144115188075855872"/><line number="273" hits="144115188075855872"/><line number="277" hits="288230376151711744"/><line number="278" hits="288230376151711744"/><line number="282" hits="144115188075855872"/><line number="283" hits="288230376151711744"/><line number="287" hits="72057594037927936"/><line number="288" hits="72057594037927936"/><line number="289" hits="0"/><line number="293" hits="216172782113783808"/><line number="294" hits="72057594037927936"/><line number="296" hits="936748722493063168"/><line number="299" hits="720575940379279360"/><line number="301" hits="216172782113783808"/><line number="302" hits="72057594037927936"/><line number="303" hits="360287970189639680"/><line number="304" hits="576460752303423488"/><line number="305" hits="288230376151711744"/><line number="307" hits="72057594037927936"/><line number="308" hits="72057594037927936"/><line number="310" hits="216172782113783808"/><line number="311" hits="216172782113783808"/><line number="314" hits="72057594037927936"/><line number="319" hits="0"/><line number="320" hits="0"/><line number="329" hits="648518346341351436"/><line number="336" hits="1297036692682702872"/><line number="338" hits="648518346341351436"/><line number="340" hits="18446744073709551612"/><line number="341" hits="18446744073709551612"/><line number="343" hits="11817445422220181501"/><line number="344" hits="5188146770730811390"/><line number="346" hits="5764607523034234878"/><line number="350" hits="1945555039024054308"/><line number="351" hits="1945555039024054308"/><line number="354" hits="1297036692682702872"/><line number="357" hits="648518346341351436"/></lines></class></classes></package><package name="nexuszero-crypto\target\debug\build\serde-e68a756cf8dd61a8\out" line-rate="0" branch-rate="0" complexity="0"><classes></classes></package><package name="nexuszero-crypto\tests\formal" line-rate="0" branch-rate="0" complexity="0"><classes></classes></package><package name="nexuszero-holographic\benches" line-rate="0" branch-rate="0" complexity="0"><classes></classes></package><package name="nexuszero-holographic\src\utils" line-rate="1" branch-rate="0" complexity="0"><classes><class name="linalg" filename="nexuszero-holographic\src\utils\linalg.rs" line-rate="1" branch-rate="0" complexity="0"><methods/><lines><line number="7" hits="72057594037927936"/><line number="8" hits="216172782113783808"/><line number="9" hits="216172782113783808"/><line number="10" hits="144115188075855872"/></lines></class></classes></package><package name="nexuszero-integration\src" line-rate="0.9272727272727272" branch-rate="0" complexity="0"><classes><class name="api" filename="nexuszero-integration\src\api.rs" line-rate="0.8461538461538461" branch-rate="0" complexity="0"><methods/><lines><line number="13" hits="432345564227567616"/><line number="15" hits="432345564227567616"/><line number="18" hits="216172782113783808"/><line number="19" hits="1945555039024054272"/><line number="20" hits="864691128455135232"/><line number="21" hits="864691128455135232"/><line number="25" hits="72057594037927936"/><line number="26" hits="576460752303423488"/><line number="27" hits="288230376151711744"/><line number="28" hits="288230376151711744"/><line number="32" hits="1441151880758558720"/><line number="35" hits="0"/><line number="39" hits="0"/></lines></class><class name="config" filename="nexuszero-integration\src\config.rs" line-rate="1" branch-rate="0" complexity="0"><methods/><lines><line number="20" hits="288230376151711744"/><line number="25" hits="288230376151711744"/><line number="26" hits="288230376151711744"/></lines></class><class name="pipeline" filename="nexuszero-integration\src\pipeline.rs" line-rate="0.9487179487179487" branch-rate="0" complexity="0"><methods/><lines><line number="19" hits="288230376151711744"/><line number="20" hits="576460752303423488"/><line number="31" hits="288230376151711744"/><line number="36" hits="288230376151711744"/><line number="38" hits="576460752303423488"/><line number="39" hits="864691128455135232"/><line number="40" hits="576460752303423488"/><line number="42" hits="1152921504606846976"/><line number="44" hits="0"/><line number="48" hits="576460752303423488"/><line number="49" hits="1441151880758558720"/><line number="50" hits="576460752303423488"/><line number="53" hits="576460752303423488"/><line number="54" hits="864691128455135232"/><line number="56" hits="216172782113783808"/><line number="57" hits="432345564227567616"/><line number="58" hits="0"/><line number="60" hits="72057594037927936"/><line number="63" hits="1873497444986126336"/><line number="64" hits="864691128455135232"/><line number="66" hits="288230376151711744"/><line number="67" hits="864691128455135232"/><line number="68" hits="576460752303423488"/><line number="69" hits="576460752303423488"/><line number="70" hits="576460752303423488"/><line number="71" hits="288230376151711744"/><line number="72" hits="576460752303423488"/><line number="73" hits="288230376151711744"/><line number="74" hits="288230376151711744"/><line number="80" hits="288230376151711744"/><line number="81" hits="504403158265495552"/><line number="82" hits="648518346341351424"/><line number="83" hits="432345564227567616"/><line number="85" hits="216172782113783808"/><line number="86" hits="72057594037927936"/><line number="87" hits="72057594037927936"/><line number="93" hits="216172782113783808"/><line number="94" hits="1080863910568919040"/><line number="95" hits="7782220156096217088"/></lines></class></classes></package></packages></coverage>